{
  "RSpec": {
    "coverage": {
      "/Users/alisonthomson/Myproject/week_10/bank_tech_test_ruby/bank_tech_test_ruby/spec/statement_integration_spec.rb": {
        "lines": [
          1,
          1,
          null,
          1,
          1,
          1,
          1,
          1,
          1,
          1,
          1,
          null,
          null,
          null,
          null,
          1,
          1,
          1,
          1,
          1,
          1,
          null,
          null,
          null,
          null,
          1,
          1,
          1,
          1,
          1,
          1,
          1,
          1,
          1,
          1,
          1,
          1,
          null,
          null,
          null,
          null,
          null,
          null,
          null
        ]
      },
      "/Users/alisonthomson/Myproject/week_10/bank_tech_test_ruby/bank_tech_test_ruby/lib/statement.rb": {
        "lines": [
          1,
          1,
          18,
          18,
          null,
          null,
          1,
          18,
          null,
          null,
          1,
          6,
          null,
          null,
          1,
          null,
          23,
          null,
          null,
          1,
          20,
          20,
          20,
          11,
          null,
          9,
          null,
          20,
          null,
          null,
          1,
          15,
          15,
          15,
          15,
          8,
          null,
          7,
          null,
          null,
          null,
          1,
          2,
          null,
          null,
          1,
          7,
          null,
          19,
          7,
          null,
          null,
          1,
          5,
          5,
          5,
          null,
          null
        ]
      },
      "/Users/alisonthomson/Myproject/week_10/bank_tech_test_ruby/bank_tech_test_ruby/lib/transaction.rb": {
        "lines": [
          1,
          1,
          1,
          42,
          42,
          42,
          null,
          null,
          1,
          13,
          null,
          null,
          1,
          7,
          null,
          null,
          1,
          8,
          8,
          null,
          null,
          1,
          12,
          null,
          null,
          1,
          16,
          11,
          null,
          5,
          null,
          null,
          null,
          1,
          12,
          12,
          12,
          11,
          null,
          1,
          null,
          null,
          null,
          1,
          15,
          15,
          15,
          15,
          15,
          15,
          9,
          null,
          6,
          null,
          null,
          null,
          1,
          28,
          24,
          null,
          4,
          null,
          null,
          null,
          1,
          11,
          7,
          null,
          4,
          null,
          null,
          null,
          1,
          10,
          null,
          6,
          null,
          0,
          null,
          null,
          null
        ]
      },
      "/Users/alisonthomson/Myproject/week_10/bank_tech_test_ruby/bank_tech_test_ruby/spec/statement_unit_spec.rb": {
        "lines": [
          1,
          1,
          null,
          1,
          1,
          1,
          1,
          1,
          null,
          null,
          1,
          1,
          1,
          1,
          1,
          null,
          null,
          1,
          1,
          1,
          1,
          1,
          1,
          1,
          null,
          null,
          1,
          null,
          1,
          null,
          null,
          1,
          null,
          null,
          1,
          null,
          1,
          1,
          1,
          1,
          1,
          1,
          1,
          1,
          null,
          null,
          null,
          1,
          1,
          null,
          1,
          null,
          null,
          1,
          1,
          null,
          null,
          1,
          null,
          1,
          null,
          null,
          null,
          1,
          null,
          null,
          1,
          1,
          1,
          1,
          1,
          null,
          null,
          1,
          1,
          1,
          1,
          1,
          null,
          null,
          null,
          1,
          1,
          null,
          1,
          null,
          null,
          null,
          1,
          1,
          null,
          null,
          null,
          null,
          1,
          null,
          1,
          null,
          null,
          null,
          1,
          1,
          null,
          null,
          null,
          null,
          1,
          null,
          1,
          null,
          null,
          null,
          1,
          1,
          null,
          null,
          null,
          null,
          null,
          1,
          1,
          null,
          1,
          null,
          null,
          null,
          null,
          null,
          1,
          1,
          1,
          null,
          null,
          null,
          null,
          1,
          null,
          1,
          null,
          null,
          null,
          null,
          null,
          1,
          null,
          null,
          null,
          null,
          1,
          1,
          1,
          1,
          1,
          null,
          null,
          null,
          null,
          1,
          null,
          1,
          null,
          null,
          null,
          null,
          1,
          1,
          1,
          null,
          null,
          null,
          null,
          1,
          null,
          1,
          null,
          null,
          null,
          null,
          null,
          1,
          null,
          null,
          null,
          null,
          1,
          1,
          1,
          1,
          null,
          null,
          null,
          null,
          null
        ]
      },
      "/Users/alisonthomson/Myproject/week_10/bank_tech_test_ruby/bank_tech_test_ruby/spec/transaction_unit_spec.rb": {
        "lines": [
          1,
          null,
          1,
          1,
          1,
          1,
          1,
          null,
          null,
          1,
          1,
          1,
          null,
          null,
          1,
          1,
          1,
          null,
          null,
          1,
          1,
          2,
          null,
          null,
          1,
          2,
          null,
          null,
          1,
          2,
          null,
          null,
          1,
          2,
          null,
          null,
          null,
          null,
          1,
          1,
          1,
          1,
          1,
          null,
          null,
          1,
          1,
          1,
          1,
          1,
          1,
          1,
          1,
          null,
          null,
          null,
          null,
          1,
          1,
          1,
          1,
          null,
          null,
          1,
          1,
          1,
          null,
          null,
          1,
          1,
          1,
          1,
          1,
          null,
          null,
          null,
          1,
          1,
          1,
          1,
          null,
          1,
          1,
          1,
          null,
          1,
          1,
          1,
          null,
          1,
          1,
          1,
          null,
          1,
          1,
          1,
          null,
          null,
          null,
          1,
          1,
          1,
          1,
          null,
          1,
          1,
          1,
          null,
          1,
          1,
          1,
          1,
          1,
          null,
          null,
          null,
          1,
          1,
          1,
          1,
          1,
          null,
          null,
          null,
          1,
          1,
          1,
          1,
          1,
          1,
          null,
          null,
          1,
          1,
          1,
          1,
          null,
          1,
          1,
          1,
          null,
          1,
          1,
          1,
          null,
          1,
          1,
          null,
          null,
          null,
          1,
          1,
          1,
          1,
          null,
          null,
          1,
          1,
          1,
          1,
          null,
          1,
          1,
          1,
          null,
          1,
          1,
          1,
          null,
          1,
          1,
          1,
          null,
          null,
          null,
          null
        ]
      }
    },
    "timestamp": 1671205718
  }
}
